# JRE version: OpenJDK Runtime Environment (8.0_152-b06) (build 1.8.0_152-release-1136-b06)
# Java VM: OpenJDK 64-Bit Server VM (25.152-b06 mixed mode windows-amd64 compressed oops)
Heap:
 PSYoungGen      total 134656K, used 68753K [0x00000000f5580000, 0x00000000ffe00000, 0x0000000100000000)
  eden space 97792K, 42% used [0x00000000f5580000,0x00000000f7e31b18,0x00000000fb500000)
  from space 36864K, 73% used [0x00000000fda00000,0x00000000ff472c80,0x00000000ffe00000)
  to   space 37376K, 0% used [0x00000000fb500000,0x00000000fb500000,0x00000000fd980000)
 ParOldGen       total 282112K, used 75048K [0x00000000e0000000, 0x00000000f1380000, 0x00000000f5580000)
  object space 282112K, 26% used [0x00000000e0000000,0x00000000e494a0b8,0x00000000f1380000)
 Metaspace       used 87198K, capacity 91174K, committed 91392K, reserved 1128448K
  class space    used 11111K, capacity 11983K, committed 12032K, reserved 1048576K
GC Heap History (10 events):
Event: 2180.300 GC heap before
{Heap before GC invocations=31 (full 3):
 PSYoungGen      total 109568K, used 109497K [0x00000000f5580000, 0x00000000ff580000, 0x0000000100000000)
  eden space 86016K, 100% used [0x00000000f5580000,0x00000000fa980000,0x00000000fa980000)
  from space 23552K, 99% used [0x00000000faa80000,0x00000000fc16e5c0,0x00000000fc180000)
  to   space 38912K, 0% used [0x00000000fcf80000,0x00000000fcf80000,0x00000000ff580000)
 ParOldGen       total 282112K, used 73759K [0x00000000e0000000, 0x00000000f1380000, 0x00000000f5580000)
  object space 282112K, 26% used [0x00000000e0000000,0x00000000e4807e38,0x00000000f1380000)
 Metaspace       used 85658K, capacity 89342K, committed 89472K, reserved 1126400K
  class space    used 10947K, capacity 11791K, committed 11904K, reserved 1048576K
Event: 2180.321 GC heap after
Heap after GC invocations=31 (full 3):
 PSYoungGen      total 123904K, used 30512K [0x00000000f5580000, 0x00000000ffd80000, 0x0000000100000000)
  eden space 84992K, 0% used [0x00000000f5580000,0x00000000f5580000,0x00000000fa880000)
  from space 38912K, 78% used [0x00000000fcf80000,0x00000000fed4c080,0x00000000ff580000)
  to   space 39936K, 0% used [0x00000000fa880000,0x00000000fa880000,0x00000000fcf80000)
 ParOldGen       total 282112K, used 74664K [0x00000000e0000000, 0x00000000f1380000, 0x00000000f5580000)
  object space 282112K, 26% used [0x00000000e0000000,0x00000000e48ea078,0x00000000f1380000)
 Metaspace       used 85658K, capacity 89342K, committed 89472K, reserved 1126400K
  class space    used 10947K, capacity 11791K, committed 11904K, reserved 1048576K
}
Event: 2180.322 GC heap before
{Heap before GC invocations=32 (full 3):
 PSYoungGen      total 123904K, used 30745K [0x00000000f5580000, 0x00000000ffd80000, 0x0000000100000000)
  eden space 84992K, 0% used [0x00000000f5580000,0x00000000f55ba4e8,0x00000000fa880000)
  from space 38912K, 78% used [0x00000000fcf80000,0x00000000fed4c080,0x00000000ff580000)
  to   space 39936K, 0% used [0x00000000fa880000,0x00000000fa880000,0x00000000fcf80000)
 ParOldGen       total 282112K, used 74664K [0x00000000e0000000, 0x00000000f1380000, 0x00000000f5580000)
  object space 282112K, 26% used [0x00000000e0000000,0x00000000e48ea078,0x00000000f1380000)
 Metaspace       used 85658K, capacity 89342K, committed 89472K, reserved 1126400K
  class space    used 10947K, capacity 11791K, committed 11904K, reserved 1048576K
Event: 2180.339 GC heap after
Heap after GC invocations=32 (full 3):
 PSYoungGen      total 124928K, used 29584K [0x00000000f5580000, 0x0000000100000000, 0x0000000100000000)
  eden space 84992K, 0% used [0x00000000f5580000,0x00000000f5580000,0x00000000fa880000)
  from space 39936K, 74% used [0x00000000fa880000,0x00000000fc564388,0x00000000fcf80000)
  to   space 40448K, 0% used [0x00000000fd880000,0x00000000fd880000,0x0000000100000000)
 ParOldGen       total 282112K, used 74752K [0x00000000e0000000, 0x00000000f1380000, 0x00000000f5580000)
  object space 282112K, 26% used [0x00000000e0000000,0x00000000e4900078,0x00000000f1380000)
 Metaspace       used 85658K, capacity 89342K, committed 89472K, reserved 1126400K
  class space    used 10947K, capacity 11791K, committed 11904K, reserved 1048576K
}
Event: 2180.712 GC heap before
{Heap before GC invocations=33 (full 3):
 PSYoungGen      total 124928K, used 114576K [0x00000000f5580000, 0x0000000100000000, 0x0000000100000000)
  eden space 84992K, 100% used [0x00000000f5580000,0x00000000fa880000,0x00000000fa880000)
  from space 39936K, 74% used [0x00000000fa880000,0x00000000fc564388,0x00000000fcf80000)
  to   space 40448K, 0% used [0x00000000fd880000,0x00000000fd880000,0x0000000100000000)
 ParOldGen       total 282112K, used 74752K [0x00000000e0000000, 0x00000000f1380000, 0x00000000f5580000)
  object space 282112K, 26% used [0x00000000e0000000,0x00000000e4900078,0x00000000f1380000)
 Metaspace       used 85957K, capacity 89668K, committed 89984K, reserved 1128448K
  class space    used 10979K, capacity 11830K, committed 11904K, reserved 1048576K
Event: 2180.742 GC heap after
Heap after GC invocations=33 (full 3):
 PSYoungGen      total 132096K, used 25681K [0x00000000f5580000, 0x00000000ffd80000, 0x0000000100000000)
  eden space 94208K, 0% used [0x00000000f5580000,0x00000000f5580000,0x00000000fb180000)
  from space 37888K, 67% used [0x00000000fd880000,0x00000000ff194478,0x00000000ffd80000)
  to   space 38912K, 0% used [0x00000000fb180000,0x00000000fb180000,0x00000000fd780000)
 ParOldGen       total 282112K, used 74888K [0x00000000e0000000, 0x00000000f1380000, 0x00000000f5580000)
  object space 282112K, 26% used [0x00000000e0000000,0x00000000e4922098,0x00000000f1380000)
 Metaspace       used 85957K, capacity 89668K, committed 89984K, reserved 1128448K
  class space    used 10979K, capacity 11830K, committed 11904K, reserved 1048576K
}
Event: 2180.942 GC heap before
{Heap before GC invocations=34 (full 3):
 PSYoungGen      total 132096K, used 119889K [0x00000000f5580000, 0x00000000ffd80000, 0x0000000100000000)
  eden space 94208K, 100% used [0x00000000f5580000,0x00000000fb180000,0x00000000fb180000)
  from space 37888K, 67% used [0x00000000fd880000,0x00000000ff194478,0x00000000ffd80000)
  to   space 38912K, 0% used [0x00000000fb180000,0x00000000fb180000,0x00000000fd780000)
 ParOldGen       total 282112K, used 74888K [0x00000000e0000000, 0x00000000f1380000, 0x00000000f5580000)
  object space 282112K, 26% used [0x00000000e0000000,0x00000000e4922098,0x00000000f1380000)
 Metaspace       used 86148K, capacity 89862K, committed 89984K, reserved 1128448K
  class space    used 10990K, capacity 11831K, committed 11904K, reserved 1048576K
Event: 2180.962 GC heap after
Heap after GC invocations=34 (full 3):
 PSYoungGen      total 133120K, used 25770K [0x00000000f5580000, 0x00000000fff00000, 0x0000000100000000)
  eden space 94208K, 0% used [0x00000000f5580000,0x00000000f5580000,0x00000000fb180000)
  from space 38912K, 66% used [0x00000000fb180000,0x00000000fcaaabe0,0x00000000fd780000)
  to   space 37888K, 0% used [0x00000000fda00000,0x00000000fda00000,0x00000000fff00000)
 ParOldGen       total 282112K, used 75008K [0x00000000e0000000, 0x00000000f1380000, 0x00000000f5580000)
  object space 282112K, 26% used [0x00000000e0000000,0x00000000e49400b8,0x00000000f1380000)
 Metaspace       used 86148K, capacity 89862K, committed 89984K, reserved 1128448K
  class space    used 10990K, capacity 11831K, committed 11904K, reserved 1048576K
}
Event: 2181.193 GC heap before
{Heap before GC invocations=35 (full 3):
 PSYoungGen      total 133120K, used 119978K [0x00000000f5580000, 0x00000000fff00000, 0x0000000100000000)
  eden space 94208K, 100% used [0x00000000f5580000,0x00000000fb180000,0x00000000fb180000)
  from space 38912K, 66% used [0x00000000fb180000,0x00000000fcaaabe0,0x00000000fd780000)
  to   space 37888K, 0% used [0x00000000fda00000,0x00000000fda00000,0x00000000fff00000)
 ParOldGen       total 282112K, used 75008K [0x00000000e0000000, 0x00000000f1380000, 0x00000000f5580000)
  object space 282112K, 26% used [0x00000000e0000000,0x00000000e49400b8,0x00000000f1380000)
 Metaspace       used 86939K, capacity 90856K, committed 91136K, reserved 1128448K
  class space    used 11083K, capacity 11960K, committed 12032K, reserved 1048576K
Event: 2181.214 GC heap after
Heap after GC invocations=35 (full 3):
 PSYoungGen      total 134656K, used 27083K [0x00000000f5580000, 0x00000000ffe00000, 0x0000000100000000)
  eden space 97792K, 0% used [0x00000000f5580000,0x00000000f5580000,0x00000000fb500000)
  from space 36864K, 73% used [0x00000000fda00000,0x00000000ff472c80,0x00000000ffe00000)
  to   space 37376K, 0% used [0x00000000fb500000,0x00000000fb500000,0x00000000fd980000)
 ParOldGen       total 282112K, used 75048K [0x00000000e0000000, 0x00000000f1380000, 0x00000000f5580000)
  object space 282112K, 26% used [0x00000000e0000000,0x00000000e494a0b8,0x00000000f1380000)
 Metaspace       used 86939K, capacity 90856K, committed 91136K, reserved 1128448K
  class space    used 11083K, capacity 11960K, committed 12032K, reserved 1048576K
}

